<?xml version="1.0" encoding="UTF-8"?>
<!-- Generated by org.testng.reporters.JUnitXMLReporter -->
<testsuite hostname="LAPTOP-IS3DCPF8" ignored="0" name="Default test" tests="1" failures="0" timestamp="2022-09-03T02:36:27 IST" time="1.705" errors="0">
  <testcase name="@BeforeTest openBrowser" time="1.665" classname="com.actitime.generic.ActitimeLoginandLogout">
    <failure type="org.openqa.selenium.SessionNotCreatedException" message="session not created: This version of ChromeDriver only supports Chrome version 103
Current browser version is 105.0.5195.53 with binary path C:\Program Files\Google\Chrome\Application\chrome.exe
Build info: version: &amp;apos;3.141.59&amp;apos;, revision: &amp;apos;e82be7d358&amp;apos;, time: &amp;apos;2018-11-14T08:25:53&amp;apos;
System info: host: &amp;apos;LAPTOP-IS3DCPF8&amp;apos;, ip: &amp;apos;169.254.187.4&amp;apos;, os.name: &amp;apos;Windows 10&amp;apos;, os.arch: &amp;apos;amd64&amp;apos;, os.version: &amp;apos;10.0&amp;apos;, java.version: &amp;apos;1.8.0_201&amp;apos;
Driver info: driver.version: ChromeDriver
remote stacktrace: Backtrace:
	Ordinal0 [0x00536463+2188387]
	Ordinal0 [0x004CE461+1762401]
	Ordinal0 [0x003E3D78+802168]
	Ordinal0 [0x00404E59+937561]
	Ordinal0 [0x00400A6C+920172]
	Ordinal0 [0x003FE331+910129]
	Ordinal0 [0x00431430+1119280]
	Ordinal0 [0x0043108A+1118346]
	Ordinal0 [0x0042C5F6+1099254]
	Ordinal0 [0x00406BE0+945120]
	Ordinal0 [0x00407AD6+948950]
	GetHandleVerifier [0x007D71F2+2712546]
	GetHandleVerifier [0x007C886D+2652765]
	GetHandleVerifier [0x005C002A+520730]
	GetHandleVerifier [0x005BEE06+516086]
	Ordinal0 [0x004D468B+1787531]
	Ordinal0 [0x004D8E88+1805960]
	Ordinal0 [0x004D8F75+1806197]
	Ordinal0 [0x004E1DF1+1842673]
	BaseThreadInitThunk [0x7736FA29+25]
	RtlGetAppContainerNamedObjectPath [0x77C57A9E+286]
	RtlGetAppContainerNamedObjectPath [0x77C57A6E+238]
">
      <![CDATA[org.openqa.selenium.SessionNotCreatedException: session not created: This version of ChromeDriver only supports Chrome version 103
Current browser version is 105.0.5195.53 with binary path C:\Program Files\Google\Chrome\Application\chrome.exe
Build info: version: '3.141.59', revision: 'e82be7d358', time: '2018-11-14T08:25:53'
System info: host: 'LAPTOP-IS3DCPF8', ip: '169.254.187.4', os.name: 'Windows 10', os.arch: 'amd64', os.version: '10.0', java.version: '1.8.0_201'
Driver info: driver.version: ChromeDriver
remote stacktrace: Backtrace:
Ordinal0 [0x00536463+2188387]
Ordinal0 [0x004CE461+1762401]
Ordinal0 [0x003E3D78+802168]
Ordinal0 [0x00404E59+937561]
Ordinal0 [0x00400A6C+920172]
Ordinal0 [0x003FE331+910129]
Ordinal0 [0x00431430+1119280]
Ordinal0 [0x0043108A+1118346]
Ordinal0 [0x0042C5F6+1099254]
Ordinal0 [0x00406BE0+945120]
Ordinal0 [0x00407AD6+948950]
GetHandleVerifier [0x007D71F2+2712546]
GetHandleVerifier [0x007C886D+2652765]
GetHandleVerifier [0x005C002A+520730]
GetHandleVerifier [0x005BEE06+516086]
Ordinal0 [0x004D468B+1787531]
Ordinal0 [0x004D8E88+1805960]
Ordinal0 [0x004D8F75+1806197]
Ordinal0 [0x004E1DF1+1842673]
BaseThreadInitThunk [0x7736FA29+25]
RtlGetAppContainerNamedObjectPath [0x77C57A9E+286]
RtlGetAppContainerNamedObjectPath [0x77C57A6E+238]

at sun.reflect.NativeConstructorAccessorImpl.newInstance0(Native Method)
at sun.reflect.NativeConstructorAccessorImpl.newInstance(NativeConstructorAccessorImpl.java:62)
at sun.reflect.DelegatingConstructorAccessorImpl.newInstance(DelegatingConstructorAccessorImpl.java:45)
at java.lang.reflect.Constructor.newInstance(Constructor.java:423)
at org.openqa.selenium.remote.W3CHandshakeResponse.lambda$errorHandler$0(W3CHandshakeResponse.java:62)
at org.openqa.selenium.remote.HandshakeResponse.lambda$getResponseFunction$0(HandshakeResponse.java:30)
at org.openqa.selenium.remote.ProtocolHandshake.lambda$createSession$0(ProtocolHandshake.java:126)
at java.util.stream.ReferencePipeline$3$1.accept(ReferencePipeline.java:193)
at java.util.Spliterators$ArraySpliterator.tryAdvance(Spliterators.java:958)
at java.util.stream.ReferencePipeline.forEachWithCancel(ReferencePipeline.java:126)
at java.util.stream.AbstractPipeline.copyIntoWithCancel(AbstractPipeline.java:498)
at java.util.stream.AbstractPipeline.copyInto(AbstractPipeline.java:485)
at java.util.stream.AbstractPipeline.wrapAndCopyInto(AbstractPipeline.java:471)
at java.util.stream.FindOps$FindOp.evaluateSequential(FindOps.java:152)
at java.util.stream.AbstractPipeline.evaluate(AbstractPipeline.java:234)
at java.util.stream.ReferencePipeline.findFirst(ReferencePipeline.java:464)
at org.openqa.selenium.remote.ProtocolHandshake.createSession(ProtocolHandshake.java:128)
at org.openqa.selenium.remote.ProtocolHandshake.createSession(ProtocolHandshake.java:74)
at org.openqa.selenium.remote.HttpCommandExecutor.execute(HttpCommandExecutor.java:136)
at org.openqa.selenium.remote.service.DriverCommandExecutor.execute(DriverCommandExecutor.java:83)
at org.openqa.selenium.remote.RemoteWebDriver.execute(RemoteWebDriver.java:552)
at org.openqa.selenium.remote.RemoteWebDriver.startSession(RemoteWebDriver.java:213)
at org.openqa.selenium.remote.RemoteWebDriver.<init>(RemoteWebDriver.java:131)
at org.openqa.selenium.chrome.ChromeDriver.<init>(ChromeDriver.java:181)
at org.openqa.selenium.chrome.ChromeDriver.<init>(ChromeDriver.java:168)
at org.openqa.selenium.chrome.ChromeDriver.<init>(ChromeDriver.java:123)
at com.actitime.generic.ActitimeLoginandLogout.openBrowser(ActitimeLoginandLogout.java:37)
at sun.reflect.NativeMethodAccessorImpl.invoke0(Native Method)
at sun.reflect.NativeMethodAccessorImpl.invoke(NativeMethodAccessorImpl.java:62)
at sun.reflect.DelegatingMethodAccessorImpl.invoke(DelegatingMethodAccessorImpl.java:43)
at java.lang.reflect.Method.invoke(Method.java:498)
at org.testng.internal.MethodInvocationHelper.invokeMethod(MethodInvocationHelper.java:133)
at org.testng.internal.MethodInvocationHelper.invokeMethodConsideringTimeout(MethodInvocationHelper.java:62)
at org.testng.internal.ConfigInvoker.invokeConfigurationMethod(ConfigInvoker.java:385)
at org.testng.internal.ConfigInvoker.invokeConfigurations(ConfigInvoker.java:321)
at org.testng.TestRunner.invokeTestConfigurations(TestRunner.java:637)
at org.testng.TestRunner.beforeRun(TestRunner.java:627)
at org.testng.TestRunner.run(TestRunner.java:589)
at org.testng.SuiteRunner.runTest(SuiteRunner.java:377)
at org.testng.SuiteRunner.runSequentially(SuiteRunner.java:371)
at org.testng.SuiteRunner.privateRun(SuiteRunner.java:332)
at org.testng.SuiteRunner.run(SuiteRunner.java:276)
at org.testng.SuiteRunnerWorker.runSuite(SuiteRunnerWorker.java:53)
at org.testng.SuiteRunnerWorker.run(SuiteRunnerWorker.java:96)
at org.testng.TestNG.runSuitesSequentially(TestNG.java:1212)
at org.testng.TestNG.runSuitesLocally(TestNG.java:1134)
at org.testng.TestNG.runSuites(TestNG.java:1063)
at org.testng.TestNG.run(TestNG.java:1031)
at org.testng.remote.AbstractRemoteTestNG.run(AbstractRemoteTestNG.java:115)
at org.testng.remote.RemoteTestNG.initAndRun(RemoteTestNG.java:251)
at org.testng.remote.RemoteTestNG.main(RemoteTestNG.java:77)
]]>
    </failure>
  </testcase> <!-- @BeforeTest openBrowser -->
  <testcase name="@BeforeMethod login" time="-1.662152787789E9" classname="com.actitime.generic.ActitimeLoginandLogout">
    <skipped/>
  </testcase> <!-- @BeforeMethod login -->
  <testcase name="@AfterMethod logout" time="-1.662152787795E9" classname="com.actitime.generic.ActitimeLoginandLogout">
    <skipped/>
  </testcase> <!-- @AfterMethod logout -->
  <testcase name="@AfterTest closeBrowser" time="-1.662152787799E9" classname="com.actitime.generic.ActitimeLoginandLogout">
    <skipped/>
  </testcase> <!-- @AfterTest closeBrowser -->
  <testcase name="title" time="0.0" classname="com.actitime.testscript.HomePageTitle">
    <skipped/>
  </testcase> <!-- title -->
</testsuite> <!-- Default test -->
